Terminals unused in grammar

   TRUE
   FALSE


State 50 conflicts: 1 shift/reduce


Grammar

    0 $accept: Program $end

    1 Program: Function Program
    2        | %empty

    3 $@1: %empty

    4 Function: FUNCTION IDENT $@1 SEMICOLON BEGIN_PARAMS Dec_colon END_PARAMS BEGIN_LOCALS Dec_colon END_LOCALS BEGIN_BODY Statement END_BODY

    5 Dec_colon: Declaration SEMICOLON Dec_colon
    6          | %empty

    7 Declaration: IDENT COLON Array INTEGER

    8 Array: ARRAY L_SQUARE_BRACKET NUMBER R_SQUARE_BRACKET OF
    9      | %empty

   10 Statement: Var ASSIGN Expression SEMICOLON Statement1
   11          | IF Bool_Exp THEN Statement Else_statement ENDIF SEMICOLON Statement1
   12          | WHILE Bool_Exp BEGINLOOP Statement ENDLOOP SEMICOLON Statement1
   13          | DO BEGINLOOP Statement ENDLOOP WHILE Bool_Exp SEMICOLON Statement1
   14          | READ Var SEMICOLON Statement1
   15          | WRITE Var SEMICOLON Statement1
   16          | CONTINUE SEMICOLON Statement1
   17          | BREAK SEMICOLON Statement1
   18          | RETURN Expression SEMICOLON Statement1

   19 Statement1: Statement
   20           | %empty

   21 Else_statement: ELSE Statement
   22               | %empty

   23 Bool_Exp: Not Expression Comp Expression

   24 Not: NOT
   25    | %empty

   26 Comp: EQ
   27     | NEQ
   28     | LT
   29     | GT
   30     | LTE
   31     | GTE
   32     | %empty

   33 Expression: Multi_Exp Add_Op

   34 Add_Op: ADD Expression
   35       | MINUS Expression
   36       | %empty

   37 Multi_Exp: Term Mult_Op

   38 Mult_Op: MULT Multi_Exp
   39        | DIV Multi_Exp
   40        | MOD Multi_Exp
   41        | %empty

   42 Term: Var
   43     | NUMBER
   44     | L_PAREN Expression R_PAREN
   45     | IDENT L_PAREN Term_Exp R_PAREN

   46 Term_Exp: Expression
   47         | Expression COMMA Term_Exp
   48         | %empty

   49 Var: IDENT
   50    | IDENT L_SQUARE_BRACKET Expression R_SQUARE_BRACKET


Terminals, with rules where they appear

$end (0) 0
error (256)
NUMBER (258) 8 43
IDENT (259) 4 7 45 49 50
FUNCTION (260) 4
BEGIN_PARAMS (261) 4
END_PARAMS (262) 4
BEGIN_LOCALS (263) 4
END_LOCALS (264) 4
BEGIN_BODY (265) 4
END_BODY (266) 4
INTEGER (267) 7
ARRAY (268) 8
OF (269) 8
IF (270) 11
THEN (271) 11
ENDIF (272) 11
ELSE (273) 21
WHILE (274) 12 13
DO (275) 13
BEGINLOOP (276) 12 13
ENDLOOP (277) 12 13
CONTINUE (278) 16
BREAK (279) 17
READ (280) 14
WRITE (281) 15
NOT (282) 24
TRUE (283)
FALSE (284)
RETURN (285) 18
MINUS (286) 35
ADD (287) 34
MULT (288) 38
DIV (289) 39
MOD (290) 40
EQ (291) 26
NEQ (292) 27
LT (293) 28
GT (294) 29
LTE (295) 30
GTE (296) 31
SEMICOLON (297) 4 5 10 11 12 13 14 15 16 17 18
COLON (298) 7
COMMA (299) 47
L_PAREN (300) 44 45
R_PAREN (301) 44 45
L_SQUARE_BRACKET (302) 8 50
R_SQUARE_BRACKET (303) 8 50
ASSIGN (304) 10


Nonterminals, with rules where they appear

$accept (50)
    on left: 0
Program (51)
    on left: 1 2, on right: 0 1
Function (52)
    on left: 4, on right: 1
$@1 (53)
    on left: 3, on right: 4
Dec_colon (54)
    on left: 5 6, on right: 4 5
Declaration (55)
    on left: 7, on right: 5
Array (56)
    on left: 8 9, on right: 7
Statement (57)
    on left: 10 11 12 13 14 15 16 17 18, on right: 4 11 12 13 19 21
Statement1 (58)
    on left: 19 20, on right: 10 11 12 13 14 15 16 17 18
Else_statement (59)
    on left: 21 22, on right: 11
Bool_Exp (60)
    on left: 23, on right: 11 12 13
Not (61)
    on left: 24 25, on right: 23
Comp (62)
    on left: 26 27 28 29 30 31 32, on right: 23
Expression (63)
    on left: 33, on right: 10 18 23 34 35 44 46 47 50
Add_Op (64)
    on left: 34 35 36, on right: 33
Multi_Exp (65)
    on left: 37, on right: 33 38 39 40
Mult_Op (66)
    on left: 38 39 40 41, on right: 37
Term (67)
    on left: 42 43 44 45, on right: 37
Term_Exp (68)
    on left: 46 47 48, on right: 45 47
Var (69)
    on left: 49 50, on right: 10 14 15 42


State 0

    0 $accept: . Program $end

    FUNCTION  shift, and go to state 1

    $default  reduce using rule 2 (Program)

    Program   go to state 2
    Function  go to state 3


State 1

    4 Function: FUNCTION . IDENT $@1 SEMICOLON BEGIN_PARAMS Dec_colon END_PARAMS BEGIN_LOCALS Dec_colon END_LOCALS BEGIN_BODY Statement END_BODY

    IDENT  shift, and go to state 4


State 2

    0 $accept: Program . $end

    $end  shift, and go to state 5


State 3

    1 Program: Function . Program

    FUNCTION  shift, and go to state 1

    $default  reduce using rule 2 (Program)

    Program   go to state 6
    Function  go to state 3


State 4

    4 Function: FUNCTION IDENT . $@1 SEMICOLON BEGIN_PARAMS Dec_colon END_PARAMS BEGIN_LOCALS Dec_colon END_LOCALS BEGIN_BODY Statement END_BODY

    $default  reduce using rule 3 ($@1)

    $@1  go to state 7


State 5

    0 $accept: Program $end .

    $default  accept


State 6

    1 Program: Function Program .

    $default  reduce using rule 1 (Program)


State 7

    4 Function: FUNCTION IDENT $@1 . SEMICOLON BEGIN_PARAMS Dec_colon END_PARAMS BEGIN_LOCALS Dec_colon END_LOCALS BEGIN_BODY Statement END_BODY

    SEMICOLON  shift, and go to state 8


State 8

    4 Function: FUNCTION IDENT $@1 SEMICOLON . BEGIN_PARAMS Dec_colon END_PARAMS BEGIN_LOCALS Dec_colon END_LOCALS BEGIN_BODY Statement END_BODY

    BEGIN_PARAMS  shift, and go to state 9


State 9

    4 Function: FUNCTION IDENT $@1 SEMICOLON BEGIN_PARAMS . Dec_colon END_PARAMS BEGIN_LOCALS Dec_colon END_LOCALS BEGIN_BODY Statement END_BODY

    IDENT  shift, and go to state 10

    $default  reduce using rule 6 (Dec_colon)

    Dec_colon    go to state 11
    Declaration  go to state 12


State 10

    7 Declaration: IDENT . COLON Array INTEGER

    COLON  shift, and go to state 13


State 11

    4 Function: FUNCTION IDENT $@1 SEMICOLON BEGIN_PARAMS Dec_colon . END_PARAMS BEGIN_LOCALS Dec_colon END_LOCALS BEGIN_BODY Statement END_BODY

    END_PARAMS  shift, and go to state 14


State 12

    5 Dec_colon: Declaration . SEMICOLON Dec_colon

    SEMICOLON  shift, and go to state 15


State 13

    7 Declaration: IDENT COLON . Array INTEGER

    ARRAY  shift, and go to state 16

    $default  reduce using rule 9 (Array)

    Array  go to state 17


State 14

    4 Function: FUNCTION IDENT $@1 SEMICOLON BEGIN_PARAMS Dec_colon END_PARAMS . BEGIN_LOCALS Dec_colon END_LOCALS BEGIN_BODY Statement END_BODY

    BEGIN_LOCALS  shift, and go to state 18


State 15

    5 Dec_colon: Declaration SEMICOLON . Dec_colon

    IDENT  shift, and go to state 10

    $default  reduce using rule 6 (Dec_colon)

    Dec_colon    go to state 19
    Declaration  go to state 12


State 16

    8 Array: ARRAY . L_SQUARE_BRACKET NUMBER R_SQUARE_BRACKET OF

    L_SQUARE_BRACKET  shift, and go to state 20


State 17

    7 Declaration: IDENT COLON Array . INTEGER

    INTEGER  shift, and go to state 21


State 18

    4 Function: FUNCTION IDENT $@1 SEMICOLON BEGIN_PARAMS Dec_colon END_PARAMS BEGIN_LOCALS . Dec_colon END_LOCALS BEGIN_BODY Statement END_BODY

    IDENT  shift, and go to state 10

    $default  reduce using rule 6 (Dec_colon)

    Dec_colon    go to state 22
    Declaration  go to state 12


State 19

    5 Dec_colon: Declaration SEMICOLON Dec_colon .

    $default  reduce using rule 5 (Dec_colon)


State 20

    8 Array: ARRAY L_SQUARE_BRACKET . NUMBER R_SQUARE_BRACKET OF

    NUMBER  shift, and go to state 23


State 21

    7 Declaration: IDENT COLON Array INTEGER .

    $default  reduce using rule 7 (Declaration)


State 22

    4 Function: FUNCTION IDENT $@1 SEMICOLON BEGIN_PARAMS Dec_colon END_PARAMS BEGIN_LOCALS Dec_colon . END_LOCALS BEGIN_BODY Statement END_BODY

    END_LOCALS  shift, and go to state 24


State 23

    8 Array: ARRAY L_SQUARE_BRACKET NUMBER . R_SQUARE_BRACKET OF

    R_SQUARE_BRACKET  shift, and go to state 25


State 24

    4 Function: FUNCTION IDENT $@1 SEMICOLON BEGIN_PARAMS Dec_colon END_PARAMS BEGIN_LOCALS Dec_colon END_LOCALS . BEGIN_BODY Statement END_BODY

    BEGIN_BODY  shift, and go to state 26


State 25

    8 Array: ARRAY L_SQUARE_BRACKET NUMBER R_SQUARE_BRACKET . OF

    OF  shift, and go to state 27


State 26

    4 Function: FUNCTION IDENT $@1 SEMICOLON BEGIN_PARAMS Dec_colon END_PARAMS BEGIN_LOCALS Dec_colon END_LOCALS BEGIN_BODY . Statement END_BODY

    IDENT     shift, and go to state 28
    IF        shift, and go to state 29
    WHILE     shift, and go to state 30
    DO        shift, and go to state 31
    CONTINUE  shift, and go to state 32
    BREAK     shift, and go to state 33
    READ      shift, and go to state 34
    WRITE     shift, and go to state 35
    RETURN    shift, and go to state 36

    Statement  go to state 37
    Var        go to state 38


State 27

    8 Array: ARRAY L_SQUARE_BRACKET NUMBER R_SQUARE_BRACKET OF .

    $default  reduce using rule 8 (Array)


State 28

   49 Var: IDENT .
   50    | IDENT . L_SQUARE_BRACKET Expression R_SQUARE_BRACKET

    L_SQUARE_BRACKET  shift, and go to state 39

    $default  reduce using rule 49 (Var)


State 29

   11 Statement: IF . Bool_Exp THEN Statement Else_statement ENDIF SEMICOLON Statement1

    NOT  shift, and go to state 40

    $default  reduce using rule 25 (Not)

    Bool_Exp  go to state 41
    Not       go to state 42


State 30

   12 Statement: WHILE . Bool_Exp BEGINLOOP Statement ENDLOOP SEMICOLON Statement1

    NOT  shift, and go to state 40

    $default  reduce using rule 25 (Not)

    Bool_Exp  go to state 43
    Not       go to state 42


State 31

   13 Statement: DO . BEGINLOOP Statement ENDLOOP WHILE Bool_Exp SEMICOLON Statement1

    BEGINLOOP  shift, and go to state 44


State 32

   16 Statement: CONTINUE . SEMICOLON Statement1

    SEMICOLON  shift, and go to state 45


State 33

   17 Statement: BREAK . SEMICOLON Statement1

    SEMICOLON  shift, and go to state 46


State 34

   14 Statement: READ . Var SEMICOLON Statement1

    IDENT  shift, and go to state 28

    Var  go to state 47


State 35

   15 Statement: WRITE . Var SEMICOLON Statement1

    IDENT  shift, and go to state 28

    Var  go to state 48


State 36

   18 Statement: RETURN . Expression SEMICOLON Statement1

    NUMBER   shift, and go to state 49
    IDENT    shift, and go to state 50
    L_PAREN  shift, and go to state 51

    Expression  go to state 52
    Multi_Exp   go to state 53
    Term        go to state 54
    Var         go to state 55


State 37

    4 Function: FUNCTION IDENT $@1 SEMICOLON BEGIN_PARAMS Dec_colon END_PARAMS BEGIN_LOCALS Dec_colon END_LOCALS BEGIN_BODY Statement . END_BODY

    END_BODY  shift, and go to state 56


State 38

   10 Statement: Var . ASSIGN Expression SEMICOLON Statement1

    ASSIGN  shift, and go to state 57


State 39

   50 Var: IDENT L_SQUARE_BRACKET . Expression R_SQUARE_BRACKET

    NUMBER   shift, and go to state 49
    IDENT    shift, and go to state 50
    L_PAREN  shift, and go to state 51

    Expression  go to state 58
    Multi_Exp   go to state 53
    Term        go to state 54
    Var         go to state 55


State 40

   24 Not: NOT .

    $default  reduce using rule 24 (Not)


State 41

   11 Statement: IF Bool_Exp . THEN Statement Else_statement ENDIF SEMICOLON Statement1

    THEN  shift, and go to state 59


State 42

   23 Bool_Exp: Not . Expression Comp Expression

    NUMBER   shift, and go to state 49
    IDENT    shift, and go to state 50
    L_PAREN  shift, and go to state 51

    Expression  go to state 60
    Multi_Exp   go to state 53
    Term        go to state 54
    Var         go to state 55


State 43

   12 Statement: WHILE Bool_Exp . BEGINLOOP Statement ENDLOOP SEMICOLON Statement1

    BEGINLOOP  shift, and go to state 61


State 44

   13 Statement: DO BEGINLOOP . Statement ENDLOOP WHILE Bool_Exp SEMICOLON Statement1

    IDENT     shift, and go to state 28
    IF        shift, and go to state 29
    WHILE     shift, and go to state 30
    DO        shift, and go to state 31
    CONTINUE  shift, and go to state 32
    BREAK     shift, and go to state 33
    READ      shift, and go to state 34
    WRITE     shift, and go to state 35
    RETURN    shift, and go to state 36

    Statement  go to state 62
    Var        go to state 38


State 45

   16 Statement: CONTINUE SEMICOLON . Statement1

    IDENT     shift, and go to state 28
    IF        shift, and go to state 29
    WHILE     shift, and go to state 30
    DO        shift, and go to state 31
    CONTINUE  shift, and go to state 32
    BREAK     shift, and go to state 33
    READ      shift, and go to state 34
    WRITE     shift, and go to state 35
    RETURN    shift, and go to state 36

    $default  reduce using rule 20 (Statement1)

    Statement   go to state 63
    Statement1  go to state 64
    Var         go to state 38


State 46

   17 Statement: BREAK SEMICOLON . Statement1

    IDENT     shift, and go to state 28
    IF        shift, and go to state 29
    WHILE     shift, and go to state 30
    DO        shift, and go to state 31
    CONTINUE  shift, and go to state 32
    BREAK     shift, and go to state 33
    READ      shift, and go to state 34
    WRITE     shift, and go to state 35
    RETURN    shift, and go to state 36

    $default  reduce using rule 20 (Statement1)

    Statement   go to state 63
    Statement1  go to state 65
    Var         go to state 38


State 47

   14 Statement: READ Var . SEMICOLON Statement1

    SEMICOLON  shift, and go to state 66


State 48

   15 Statement: WRITE Var . SEMICOLON Statement1

    SEMICOLON  shift, and go to state 67


State 49

   43 Term: NUMBER .

    $default  reduce using rule 43 (Term)


State 50

   45 Term: IDENT . L_PAREN Term_Exp R_PAREN
   49 Var: IDENT .
   50    | IDENT . L_SQUARE_BRACKET Expression R_SQUARE_BRACKET

    L_PAREN           shift, and go to state 68
    L_SQUARE_BRACKET  shift, and go to state 39

    L_PAREN   [reduce using rule 49 (Var)]
    $default  reduce using rule 49 (Var)


State 51

   44 Term: L_PAREN . Expression R_PAREN

    NUMBER   shift, and go to state 49
    IDENT    shift, and go to state 50
    L_PAREN  shift, and go to state 51

    Expression  go to state 69
    Multi_Exp   go to state 53
    Term        go to state 54
    Var         go to state 55


State 52

   18 Statement: RETURN Expression . SEMICOLON Statement1

    SEMICOLON  shift, and go to state 70


State 53

   33 Expression: Multi_Exp . Add_Op

    MINUS  shift, and go to state 71
    ADD    shift, and go to state 72

    $default  reduce using rule 36 (Add_Op)

    Add_Op  go to state 73


State 54

   37 Multi_Exp: Term . Mult_Op

    MULT  shift, and go to state 74
    DIV   shift, and go to state 75
    MOD   shift, and go to state 76

    $default  reduce using rule 41 (Mult_Op)

    Mult_Op  go to state 77


State 55

   42 Term: Var .

    $default  reduce using rule 42 (Term)


State 56

    4 Function: FUNCTION IDENT $@1 SEMICOLON BEGIN_PARAMS Dec_colon END_PARAMS BEGIN_LOCALS Dec_colon END_LOCALS BEGIN_BODY Statement END_BODY .

    $default  reduce using rule 4 (Function)


State 57

   10 Statement: Var ASSIGN . Expression SEMICOLON Statement1

    NUMBER   shift, and go to state 49
    IDENT    shift, and go to state 50
    L_PAREN  shift, and go to state 51

    Expression  go to state 78
    Multi_Exp   go to state 53
    Term        go to state 54
    Var         go to state 55


State 58

   50 Var: IDENT L_SQUARE_BRACKET Expression . R_SQUARE_BRACKET

    R_SQUARE_BRACKET  shift, and go to state 79


State 59

   11 Statement: IF Bool_Exp THEN . Statement Else_statement ENDIF SEMICOLON Statement1

    IDENT     shift, and go to state 28
    IF        shift, and go to state 29
    WHILE     shift, and go to state 30
    DO        shift, and go to state 31
    CONTINUE  shift, and go to state 32
    BREAK     shift, and go to state 33
    READ      shift, and go to state 34
    WRITE     shift, and go to state 35
    RETURN    shift, and go to state 36

    Statement  go to state 80
    Var        go to state 38


State 60

   23 Bool_Exp: Not Expression . Comp Expression

    EQ   shift, and go to state 81
    NEQ  shift, and go to state 82
    LT   shift, and go to state 83
    GT   shift, and go to state 84
    LTE  shift, and go to state 85
    GTE  shift, and go to state 86

    $default  reduce using rule 32 (Comp)

    Comp  go to state 87


State 61

   12 Statement: WHILE Bool_Exp BEGINLOOP . Statement ENDLOOP SEMICOLON Statement1

    IDENT     shift, and go to state 28
    IF        shift, and go to state 29
    WHILE     shift, and go to state 30
    DO        shift, and go to state 31
    CONTINUE  shift, and go to state 32
    BREAK     shift, and go to state 33
    READ      shift, and go to state 34
    WRITE     shift, and go to state 35
    RETURN    shift, and go to state 36

    Statement  go to state 88
    Var        go to state 38


State 62

   13 Statement: DO BEGINLOOP Statement . ENDLOOP WHILE Bool_Exp SEMICOLON Statement1

    ENDLOOP  shift, and go to state 89


State 63

   19 Statement1: Statement .

    $default  reduce using rule 19 (Statement1)


State 64

   16 Statement: CONTINUE SEMICOLON Statement1 .

    $default  reduce using rule 16 (Statement)


State 65

   17 Statement: BREAK SEMICOLON Statement1 .

    $default  reduce using rule 17 (Statement)


State 66

   14 Statement: READ Var SEMICOLON . Statement1

    IDENT     shift, and go to state 28
    IF        shift, and go to state 29
    WHILE     shift, and go to state 30
    DO        shift, and go to state 31
    CONTINUE  shift, and go to state 32
    BREAK     shift, and go to state 33
    READ      shift, and go to state 34
    WRITE     shift, and go to state 35
    RETURN    shift, and go to state 36

    $default  reduce using rule 20 (Statement1)

    Statement   go to state 63
    Statement1  go to state 90
    Var         go to state 38


State 67

   15 Statement: WRITE Var SEMICOLON . Statement1

    IDENT     shift, and go to state 28
    IF        shift, and go to state 29
    WHILE     shift, and go to state 30
    DO        shift, and go to state 31
    CONTINUE  shift, and go to state 32
    BREAK     shift, and go to state 33
    READ      shift, and go to state 34
    WRITE     shift, and go to state 35
    RETURN    shift, and go to state 36

    $default  reduce using rule 20 (Statement1)

    Statement   go to state 63
    Statement1  go to state 91
    Var         go to state 38


State 68

   45 Term: IDENT L_PAREN . Term_Exp R_PAREN

    NUMBER   shift, and go to state 49
    IDENT    shift, and go to state 50
    L_PAREN  shift, and go to state 51

    $default  reduce using rule 48 (Term_Exp)

    Expression  go to state 92
    Multi_Exp   go to state 53
    Term        go to state 54
    Term_Exp    go to state 93
    Var         go to state 55


State 69

   44 Term: L_PAREN Expression . R_PAREN

    R_PAREN  shift, and go to state 94


State 70

   18 Statement: RETURN Expression SEMICOLON . Statement1

    IDENT     shift, and go to state 28
    IF        shift, and go to state 29
    WHILE     shift, and go to state 30
    DO        shift, and go to state 31
    CONTINUE  shift, and go to state 32
    BREAK     shift, and go to state 33
    READ      shift, and go to state 34
    WRITE     shift, and go to state 35
    RETURN    shift, and go to state 36

    $default  reduce using rule 20 (Statement1)

    Statement   go to state 63
    Statement1  go to state 95
    Var         go to state 38


State 71

   35 Add_Op: MINUS . Expression

    NUMBER   shift, and go to state 49
    IDENT    shift, and go to state 50
    L_PAREN  shift, and go to state 51

    Expression  go to state 96
    Multi_Exp   go to state 53
    Term        go to state 54
    Var         go to state 55


State 72

   34 Add_Op: ADD . Expression

    NUMBER   shift, and go to state 49
    IDENT    shift, and go to state 50
    L_PAREN  shift, and go to state 51

    Expression  go to state 97
    Multi_Exp   go to state 53
    Term        go to state 54
    Var         go to state 55


State 73

   33 Expression: Multi_Exp Add_Op .

    $default  reduce using rule 33 (Expression)


State 74

   38 Mult_Op: MULT . Multi_Exp

    NUMBER   shift, and go to state 49
    IDENT    shift, and go to state 50
    L_PAREN  shift, and go to state 51

    Multi_Exp  go to state 98
    Term       go to state 54
    Var        go to state 55


State 75

   39 Mult_Op: DIV . Multi_Exp

    NUMBER   shift, and go to state 49
    IDENT    shift, and go to state 50
    L_PAREN  shift, and go to state 51

    Multi_Exp  go to state 99
    Term       go to state 54
    Var        go to state 55


State 76

   40 Mult_Op: MOD . Multi_Exp

    NUMBER   shift, and go to state 49
    IDENT    shift, and go to state 50
    L_PAREN  shift, and go to state 51

    Multi_Exp  go to state 100
    Term       go to state 54
    Var        go to state 55


State 77

   37 Multi_Exp: Term Mult_Op .

    $default  reduce using rule 37 (Multi_Exp)


State 78

   10 Statement: Var ASSIGN Expression . SEMICOLON Statement1

    SEMICOLON  shift, and go to state 101


State 79

   50 Var: IDENT L_SQUARE_BRACKET Expression R_SQUARE_BRACKET .

    $default  reduce using rule 50 (Var)


State 80

   11 Statement: IF Bool_Exp THEN Statement . Else_statement ENDIF SEMICOLON Statement1

    ELSE  shift, and go to state 102

    $default  reduce using rule 22 (Else_statement)

    Else_statement  go to state 103


State 81

   26 Comp: EQ .

    $default  reduce using rule 26 (Comp)


State 82

   27 Comp: NEQ .

    $default  reduce using rule 27 (Comp)


State 83

   28 Comp: LT .

    $default  reduce using rule 28 (Comp)


State 84

   29 Comp: GT .

    $default  reduce using rule 29 (Comp)


State 85

   30 Comp: LTE .

    $default  reduce using rule 30 (Comp)


State 86

   31 Comp: GTE .

    $default  reduce using rule 31 (Comp)


State 87

   23 Bool_Exp: Not Expression Comp . Expression

    NUMBER   shift, and go to state 49
    IDENT    shift, and go to state 50
    L_PAREN  shift, and go to state 51

    Expression  go to state 104
    Multi_Exp   go to state 53
    Term        go to state 54
    Var         go to state 55


State 88

   12 Statement: WHILE Bool_Exp BEGINLOOP Statement . ENDLOOP SEMICOLON Statement1

    ENDLOOP  shift, and go to state 105


State 89

   13 Statement: DO BEGINLOOP Statement ENDLOOP . WHILE Bool_Exp SEMICOLON Statement1

    WHILE  shift, and go to state 106


State 90

   14 Statement: READ Var SEMICOLON Statement1 .

    $default  reduce using rule 14 (Statement)


State 91

   15 Statement: WRITE Var SEMICOLON Statement1 .

    $default  reduce using rule 15 (Statement)


State 92

   46 Term_Exp: Expression .
   47         | Expression . COMMA Term_Exp

    COMMA  shift, and go to state 107

    $default  reduce using rule 46 (Term_Exp)


State 93

   45 Term: IDENT L_PAREN Term_Exp . R_PAREN

    R_PAREN  shift, and go to state 108


State 94

   44 Term: L_PAREN Expression R_PAREN .

    $default  reduce using rule 44 (Term)


State 95

   18 Statement: RETURN Expression SEMICOLON Statement1 .

    $default  reduce using rule 18 (Statement)


State 96

   35 Add_Op: MINUS Expression .

    $default  reduce using rule 35 (Add_Op)


State 97

   34 Add_Op: ADD Expression .

    $default  reduce using rule 34 (Add_Op)


State 98

   38 Mult_Op: MULT Multi_Exp .

    $default  reduce using rule 38 (Mult_Op)


State 99

   39 Mult_Op: DIV Multi_Exp .

    $default  reduce using rule 39 (Mult_Op)


State 100

   40 Mult_Op: MOD Multi_Exp .

    $default  reduce using rule 40 (Mult_Op)


State 101

   10 Statement: Var ASSIGN Expression SEMICOLON . Statement1

    IDENT     shift, and go to state 28
    IF        shift, and go to state 29
    WHILE     shift, and go to state 30
    DO        shift, and go to state 31
    CONTINUE  shift, and go to state 32
    BREAK     shift, and go to state 33
    READ      shift, and go to state 34
    WRITE     shift, and go to state 35
    RETURN    shift, and go to state 36

    $default  reduce using rule 20 (Statement1)

    Statement   go to state 63
    Statement1  go to state 109
    Var         go to state 38


State 102

   21 Else_statement: ELSE . Statement

    IDENT     shift, and go to state 28
    IF        shift, and go to state 29
    WHILE     shift, and go to state 30
    DO        shift, and go to state 31
    CONTINUE  shift, and go to state 32
    BREAK     shift, and go to state 33
    READ      shift, and go to state 34
    WRITE     shift, and go to state 35
    RETURN    shift, and go to state 36

    Statement  go to state 110
    Var        go to state 38


State 103

   11 Statement: IF Bool_Exp THEN Statement Else_statement . ENDIF SEMICOLON Statement1

    ENDIF  shift, and go to state 111


State 104

   23 Bool_Exp: Not Expression Comp Expression .

    $default  reduce using rule 23 (Bool_Exp)


State 105

   12 Statement: WHILE Bool_Exp BEGINLOOP Statement ENDLOOP . SEMICOLON Statement1

    SEMICOLON  shift, and go to state 112


State 106

   13 Statement: DO BEGINLOOP Statement ENDLOOP WHILE . Bool_Exp SEMICOLON Statement1

    NOT  shift, and go to state 40

    $default  reduce using rule 25 (Not)

    Bool_Exp  go to state 113
    Not       go to state 42


State 107

   47 Term_Exp: Expression COMMA . Term_Exp

    NUMBER   shift, and go to state 49
    IDENT    shift, and go to state 50
    L_PAREN  shift, and go to state 51

    $default  reduce using rule 48 (Term_Exp)

    Expression  go to state 92
    Multi_Exp   go to state 53
    Term        go to state 54
    Term_Exp    go to state 114
    Var         go to state 55


State 108

   45 Term: IDENT L_PAREN Term_Exp R_PAREN .

    $default  reduce using rule 45 (Term)


State 109

   10 Statement: Var ASSIGN Expression SEMICOLON Statement1 .

    $default  reduce using rule 10 (Statement)


State 110

   21 Else_statement: ELSE Statement .

    $default  reduce using rule 21 (Else_statement)


State 111

   11 Statement: IF Bool_Exp THEN Statement Else_statement ENDIF . SEMICOLON Statement1

    SEMICOLON  shift, and go to state 115


State 112

   12 Statement: WHILE Bool_Exp BEGINLOOP Statement ENDLOOP SEMICOLON . Statement1

    IDENT     shift, and go to state 28
    IF        shift, and go to state 29
    WHILE     shift, and go to state 30
    DO        shift, and go to state 31
    CONTINUE  shift, and go to state 32
    BREAK     shift, and go to state 33
    READ      shift, and go to state 34
    WRITE     shift, and go to state 35
    RETURN    shift, and go to state 36

    $default  reduce using rule 20 (Statement1)

    Statement   go to state 63
    Statement1  go to state 116
    Var         go to state 38


State 113

   13 Statement: DO BEGINLOOP Statement ENDLOOP WHILE Bool_Exp . SEMICOLON Statement1

    SEMICOLON  shift, and go to state 117


State 114

   47 Term_Exp: Expression COMMA Term_Exp .

    $default  reduce using rule 47 (Term_Exp)


State 115

   11 Statement: IF Bool_Exp THEN Statement Else_statement ENDIF SEMICOLON . Statement1

    IDENT     shift, and go to state 28
    IF        shift, and go to state 29
    WHILE     shift, and go to state 30
    DO        shift, and go to state 31
    CONTINUE  shift, and go to state 32
    BREAK     shift, and go to state 33
    READ      shift, and go to state 34
    WRITE     shift, and go to state 35
    RETURN    shift, and go to state 36

    $default  reduce using rule 20 (Statement1)

    Statement   go to state 63
    Statement1  go to state 118
    Var         go to state 38


State 116

   12 Statement: WHILE Bool_Exp BEGINLOOP Statement ENDLOOP SEMICOLON Statement1 .

    $default  reduce using rule 12 (Statement)


State 117

   13 Statement: DO BEGINLOOP Statement ENDLOOP WHILE Bool_Exp SEMICOLON . Statement1

    IDENT     shift, and go to state 28
    IF        shift, and go to state 29
    WHILE     shift, and go to state 30
    DO        shift, and go to state 31
    CONTINUE  shift, and go to state 32
    BREAK     shift, and go to state 33
    READ      shift, and go to state 34
    WRITE     shift, and go to state 35
    RETURN    shift, and go to state 36

    $default  reduce using rule 20 (Statement1)

    Statement   go to state 63
    Statement1  go to state 119
    Var         go to state 38


State 118

   11 Statement: IF Bool_Exp THEN Statement Else_statement ENDIF SEMICOLON Statement1 .

    $default  reduce using rule 11 (Statement)


State 119

   13 Statement: DO BEGINLOOP Statement ENDLOOP WHILE Bool_Exp SEMICOLON Statement1 .

    $default  reduce using rule 13 (Statement)
